  [1m[36mLink Load (28.6ms)[0m  [1m[34mSELECT "links".* FROM "links"[0m
  [1m[36mLink Load (1.6ms)[0m  [1m[34mSELECT "links".* FROM "links"[0m
  [1m[35m (159.2ms)[0m  [1m[35mCREATE TABLE "schema_migrations" ("version" character varying NOT NULL PRIMARY KEY)[0m
  ↳ bin/rake:9
  [1m[35m (2.5ms)[0m  [1m[35mCREATE TABLE "ar_internal_metadata" ("key" character varying NOT NULL PRIMARY KEY, "value" character varying, "created_at" timestamp NOT NULL, "updated_at" timestamp NOT NULL)[0m
  ↳ bin/rake:9
  [1m[35m (19.8ms)[0m  [1m[34mSELECT pg_try_advisory_lock(8112849748291978620)[0m
  ↳ bin/rake:9
  [1m[35m (11.2ms)[0m  [1m[34mSELECT "schema_migrations"."version" FROM "schema_migrations" ORDER BY "schema_migrations"."version" ASC[0m
  ↳ bin/rake:9
Migrating to CreateLinks (20180427182220)
  [1m[35m (0.2ms)[0m  [1m[35mBEGIN[0m
  ↳ bin/rake:9
  [1m[35m (63.1ms)[0m  [1m[35mCREATE TABLE "links" ("id" bigserial primary key, "full_url" character varying, "slug" character varying, "clicks" integer, "created_at" timestamp NOT NULL, "updated_at" timestamp NOT NULL)[0m
  ↳ db/migrate/20180427182220_create_links.rb:3
  [1m[36mActiveRecord::SchemaMigration Create (0.5ms)[0m  [1m[32mINSERT INTO "schema_migrations" ("version") VALUES ($1) RETURNING "version"[0m  [["version", "20180427182220"]]
  ↳ bin/rake:9
  [1m[35m (0.6ms)[0m  [1m[35mCOMMIT[0m
  ↳ bin/rake:9
  [1m[36mActiveRecord::InternalMetadata Load (0.5ms)[0m  [1m[34mSELECT  "ar_internal_metadata".* FROM "ar_internal_metadata" WHERE "ar_internal_metadata"."key" = $1 LIMIT $2[0m  [["key", "environment"], ["LIMIT", 1]]
  ↳ bin/rake:9
  [1m[35m (0.2ms)[0m  [1m[35mBEGIN[0m
  ↳ bin/rake:9
  [1m[36mActiveRecord::InternalMetadata Create (0.7ms)[0m  [1m[32mINSERT INTO "ar_internal_metadata" ("key", "value", "created_at", "updated_at") VALUES ($1, $2, $3, $4) RETURNING "key"[0m  [["key", "environment"], ["value", "development"], ["created_at", "2018-04-28 05:44:01.289460"], ["updated_at", "2018-04-28 05:44:01.289460"]]
  ↳ bin/rake:9
  [1m[35m (0.4ms)[0m  [1m[35mCOMMIT[0m
  ↳ bin/rake:9
  [1m[35m (0.2ms)[0m  [1m[34mSELECT pg_advisory_unlock(8112849748291978620)[0m
  ↳ bin/rake:9
  [1m[35m (0.3ms)[0m  [1m[34mSELECT "schema_migrations"."version" FROM "schema_migrations" ORDER BY "schema_migrations"."version" ASC[0m
  ↳ bin/rake:9
  [1m[36mLink Load (0.6ms)[0m  [1m[34mSELECT "links".* FROM "links"[0m
  [1m[36mLink Load (0.3ms)[0m  [1m[34mSELECT  "links".* FROM "links" WHERE "links"."slug" = $1 LIMIT $2[0m  [["slug", "2212"], ["LIMIT", 1]]
  [1m[36mLink Load (28.2ms)[0m  [1m[34mSELECT "links".* FROM "links"[0m
  [1m[35m (0.2ms)[0m  [1m[35mBEGIN[0m
  [1m[36mLink Exists (0.9ms)[0m  [1m[34mSELECT  1 AS one FROM "links" WHERE "links"."full_url" = $1 LIMIT $2[0m  [["full_url", "https://www.facebook.com"], ["LIMIT", 1]]
  [1m[36mLink Exists (0.4ms)[0m  [1m[34mSELECT  1 AS one FROM "links" WHERE "links"."slug" IS NULL LIMIT $1[0m  [["LIMIT", 1]]
  [1m[36mLink Create (0.6ms)[0m  [1m[32mINSERT INTO "links" ("full_url", "clicks", "created_at", "updated_at") VALUES ($1, $2, $3, $4) RETURNING "id"[0m  [["full_url", "https://www.facebook.com"], ["clicks", 0], ["created_at", "2018-04-28 17:15:39.483256"], ["updated_at", "2018-04-28 17:15:39.483256"]]
  [1m[36mLink Exists (0.3ms)[0m  [1m[34mSELECT  1 AS one FROM "links" WHERE "links"."full_url" = $1 AND "links"."id" != $2 LIMIT $3[0m  [["full_url", "https://www.facebook.com"], ["id", 1], ["LIMIT", 1]]
  [1m[36mLink Exists (0.3ms)[0m  [1m[34mSELECT  1 AS one FROM "links" WHERE "links"."slug" = $1 AND "links"."id" != $2 LIMIT $3[0m  [["slug", "1"], ["id", 1], ["LIMIT", 1]]
  [1m[36mLink Update (0.5ms)[0m  [1m[33mUPDATE "links" SET "slug" = $1, "updated_at" = $2 WHERE "links"."id" = $3[0m  [["slug", "1"], ["updated_at", "2018-04-28 17:15:39.488661"], ["id", 1]]
  [1m[35m (27.3ms)[0m  [1m[35mCOMMIT[0m
  [1m[36mLink Load (0.3ms)[0m  [1m[34mSELECT  "links".* FROM "links" ORDER BY "links"."id" ASC LIMIT $1[0m  [["LIMIT", 1]]
  [1m[36mLink Load (0.4ms)[0m  [1m[34mSELECT  "links".* FROM "links" ORDER BY "links"."id" ASC LIMIT $1[0m  [["LIMIT", 1]]
  [1m[36mLink Load (10.7ms)[0m  [1m[34mSELECT "links".* FROM "links"[0m
  [1m[36mLink Load (0.3ms)[0m  [1m[34mSELECT  "links".* FROM "links" ORDER BY "links"."id" ASC LIMIT $1[0m  [["LIMIT", 1]]
  [1m[36mLink Load (0.5ms)[0m  [1m[34mSELECT  "links".* FROM "links" ORDER BY "links"."id" ASC LIMIT $1[0m  [["LIMIT", 1]]
  [1m[36mLink Load (0.3ms)[0m  [1m[34mSELECT  "links".* FROM "links" WHERE "links"."id" = $1 LIMIT $2[0m  [["id", 1], ["LIMIT", 1]]
  [1m[36mLink Load (0.4ms)[0m  [1m[34mSELECT  "links".* FROM "links" ORDER BY "links"."id" ASC LIMIT $1[0m  [["LIMIT", 1]]
  [1m[36mLink Load (0.4ms)[0m  [1m[34mSELECT  "links".* FROM "links" WHERE "links"."id" = $1 LIMIT $2[0m  [["id", 1], ["LIMIT", 1]]
  [1m[36mLink Load (0.5ms)[0m  [1m[34mSELECT  "links".* FROM "links" WHERE "links"."id" = $1 LIMIT $2[0m  [["id", 1], ["LIMIT", 1]]
  [1m[36mLink Load (19.1ms)[0m  [1m[34mSELECT  "links".* FROM "links" ORDER BY "links"."id" ASC LIMIT $1[0m  [["LIMIT", 1]]
  [1m[36mLink Load (0.3ms)[0m  [1m[34mSELECT  "links".* FROM "links" WHERE "links"."id" = $1 LIMIT $2[0m  [["id", 1], ["LIMIT", 1]]
  [1m[36mLink Load (19.5ms)[0m  [1m[34mSELECT  "links".* FROM "links" ORDER BY "links"."id" ASC LIMIT $1[0m  [["LIMIT", 1]]
  [1m[36mLink Load (0.3ms)[0m  [1m[34mSELECT  "links".* FROM "links" WHERE "links"."id" = $1 LIMIT $2[0m  [["id", 1], ["LIMIT", 1]]
Started GET "/get_stats" for 127.0.0.1 at 2018-04-29 02:12:53 +0800
  [1m[35m (13.1ms)[0m  [1m[34mSELECT "schema_migrations"."version" FROM "schema_migrations" ORDER BY "schema_migrations"."version" ASC[0m
  ↳ /Users/yeoenggu/.rbenv/versions/2.4.2/lib/ruby/gems/2.4.0/gems/activerecord-5.2.0/lib/active_record/log_subscriber.rb:98
  
ActionController::RoutingError (No route matches [GET] "/get_stats"):
  
actionpack (5.2.0) lib/action_dispatch/middleware/debug_exceptions.rb:65:in `call'
web-console (3.6.1) lib/web_console/middleware.rb:135:in `call_app'
web-console (3.6.1) lib/web_console/middleware.rb:30:in `block in call'
web-console (3.6.1) lib/web_console/middleware.rb:20:in `catch'
web-console (3.6.1) lib/web_console/middleware.rb:20:in `call'
actionpack (5.2.0) lib/action_dispatch/middleware/show_exceptions.rb:33:in `call'
railties (5.2.0) lib/rails/rack/logger.rb:38:in `call_app'
railties (5.2.0) lib/rails/rack/logger.rb:26:in `block in call'
activesupport (5.2.0) lib/active_support/tagged_logging.rb:71:in `block in tagged'
activesupport (5.2.0) lib/active_support/tagged_logging.rb:28:in `tagged'
activesupport (5.2.0) lib/active_support/tagged_logging.rb:71:in `tagged'
railties (5.2.0) lib/rails/rack/logger.rb:26:in `call'
sprockets-rails (3.2.1) lib/sprockets/rails/quiet_assets.rb:13:in `call'
actionpack (5.2.0) lib/action_dispatch/middleware/remote_ip.rb:81:in `call'
actionpack (5.2.0) lib/action_dispatch/middleware/request_id.rb:27:in `call'
rack (2.0.5) lib/rack/method_override.rb:22:in `call'
rack (2.0.5) lib/rack/runtime.rb:22:in `call'
activesupport (5.2.0) lib/active_support/cache/strategy/local_cache_middleware.rb:29:in `call'
actionpack (5.2.0) lib/action_dispatch/middleware/executor.rb:14:in `call'
actionpack (5.2.0) lib/action_dispatch/middleware/static.rb:127:in `call'
rack (2.0.5) lib/rack/sendfile.rb:111:in `call'
railties (5.2.0) lib/rails/engine.rb:524:in `call'
puma (3.11.4) lib/puma/configuration.rb:225:in `call'
puma (3.11.4) lib/puma/server.rb:632:in `handle_request'
puma (3.11.4) lib/puma/server.rb:446:in `process_client'
puma (3.11.4) lib/puma/server.rb:306:in `block in run'
puma (3.11.4) lib/puma/thread_pool.rb:120:in `block in spawn_thread'
Started GET "/get_stat" for 127.0.0.1 at 2018-04-29 02:13:02 +0800
  
ActionController::RoutingError (No route matches [GET] "/get_stat"):
  
actionpack (5.2.0) lib/action_dispatch/middleware/debug_exceptions.rb:65:in `call'
web-console (3.6.1) lib/web_console/middleware.rb:135:in `call_app'
web-console (3.6.1) lib/web_console/middleware.rb:30:in `block in call'
web-console (3.6.1) lib/web_console/middleware.rb:20:in `catch'
web-console (3.6.1) lib/web_console/middleware.rb:20:in `call'
actionpack (5.2.0) lib/action_dispatch/middleware/show_exceptions.rb:33:in `call'
railties (5.2.0) lib/rails/rack/logger.rb:38:in `call_app'
railties (5.2.0) lib/rails/rack/logger.rb:26:in `block in call'
activesupport (5.2.0) lib/active_support/tagged_logging.rb:71:in `block in tagged'
activesupport (5.2.0) lib/active_support/tagged_logging.rb:28:in `tagged'
activesupport (5.2.0) lib/active_support/tagged_logging.rb:71:in `tagged'
railties (5.2.0) lib/rails/rack/logger.rb:26:in `call'
sprockets-rails (3.2.1) lib/sprockets/rails/quiet_assets.rb:13:in `call'
actionpack (5.2.0) lib/action_dispatch/middleware/remote_ip.rb:81:in `call'
actionpack (5.2.0) lib/action_dispatch/middleware/request_id.rb:27:in `call'
rack (2.0.5) lib/rack/method_override.rb:22:in `call'
rack (2.0.5) lib/rack/runtime.rb:22:in `call'
activesupport (5.2.0) lib/active_support/cache/strategy/local_cache_middleware.rb:29:in `call'
actionpack (5.2.0) lib/action_dispatch/middleware/executor.rb:14:in `call'
actionpack (5.2.0) lib/action_dispatch/middleware/static.rb:127:in `call'
rack (2.0.5) lib/rack/sendfile.rb:111:in `call'
railties (5.2.0) lib/rails/engine.rb:524:in `call'
puma (3.11.4) lib/puma/configuration.rb:225:in `call'
puma (3.11.4) lib/puma/server.rb:632:in `handle_request'
puma (3.11.4) lib/puma/server.rb:446:in `process_client'
puma (3.11.4) lib/puma/server.rb:306:in `block in run'
puma (3.11.4) lib/puma/thread_pool.rb:120:in `block in spawn_thread'
Started GET "/api/v1/get_stat" for 127.0.0.1 at 2018-04-29 02:13:25 +0800
  
ActionController::RoutingError (No route matches [GET] "/api/v1/get_stat"):
  
actionpack (5.2.0) lib/action_dispatch/middleware/debug_exceptions.rb:65:in `call'
web-console (3.6.1) lib/web_console/middleware.rb:135:in `call_app'
web-console (3.6.1) lib/web_console/middleware.rb:30:in `block in call'
web-console (3.6.1) lib/web_console/middleware.rb:20:in `catch'
web-console (3.6.1) lib/web_console/middleware.rb:20:in `call'
actionpack (5.2.0) lib/action_dispatch/middleware/show_exceptions.rb:33:in `call'
railties (5.2.0) lib/rails/rack/logger.rb:38:in `call_app'
railties (5.2.0) lib/rails/rack/logger.rb:26:in `block in call'
activesupport (5.2.0) lib/active_support/tagged_logging.rb:71:in `block in tagged'
activesupport (5.2.0) lib/active_support/tagged_logging.rb:28:in `tagged'
activesupport (5.2.0) lib/active_support/tagged_logging.rb:71:in `tagged'
railties (5.2.0) lib/rails/rack/logger.rb:26:in `call'
sprockets-rails (3.2.1) lib/sprockets/rails/quiet_assets.rb:13:in `call'
actionpack (5.2.0) lib/action_dispatch/middleware/remote_ip.rb:81:in `call'
actionpack (5.2.0) lib/action_dispatch/middleware/request_id.rb:27:in `call'
rack (2.0.5) lib/rack/method_override.rb:22:in `call'
rack (2.0.5) lib/rack/runtime.rb:22:in `call'
activesupport (5.2.0) lib/active_support/cache/strategy/local_cache_middleware.rb:29:in `call'
actionpack (5.2.0) lib/action_dispatch/middleware/executor.rb:14:in `call'
actionpack (5.2.0) lib/action_dispatch/middleware/static.rb:127:in `call'
rack (2.0.5) lib/rack/sendfile.rb:111:in `call'
railties (5.2.0) lib/rails/engine.rb:524:in `call'
puma (3.11.4) lib/puma/configuration.rb:225:in `call'
puma (3.11.4) lib/puma/server.rb:632:in `handle_request'
puma (3.11.4) lib/puma/server.rb:446:in `process_client'
puma (3.11.4) lib/puma/server.rb:306:in `block in run'
puma (3.11.4) lib/puma/thread_pool.rb:120:in `block in spawn_thread'
Started GET "/api/v1/get_stats" for 127.0.0.1 at 2018-04-29 02:13:27 +0800
  
ActionController::RoutingError (No route matches [GET] "/api/v1/get_stats"):
  
actionpack (5.2.0) lib/action_dispatch/middleware/debug_exceptions.rb:65:in `call'
web-console (3.6.1) lib/web_console/middleware.rb:135:in `call_app'
web-console (3.6.1) lib/web_console/middleware.rb:30:in `block in call'
web-console (3.6.1) lib/web_console/middleware.rb:20:in `catch'
web-console (3.6.1) lib/web_console/middleware.rb:20:in `call'
actionpack (5.2.0) lib/action_dispatch/middleware/show_exceptions.rb:33:in `call'
railties (5.2.0) lib/rails/rack/logger.rb:38:in `call_app'
railties (5.2.0) lib/rails/rack/logger.rb:26:in `block in call'
activesupport (5.2.0) lib/active_support/tagged_logging.rb:71:in `block in tagged'
activesupport (5.2.0) lib/active_support/tagged_logging.rb:28:in `tagged'
activesupport (5.2.0) lib/active_support/tagged_logging.rb:71:in `tagged'
railties (5.2.0) lib/rails/rack/logger.rb:26:in `call'
sprockets-rails (3.2.1) lib/sprockets/rails/quiet_assets.rb:13:in `call'
actionpack (5.2.0) lib/action_dispatch/middleware/remote_ip.rb:81:in `call'
actionpack (5.2.0) lib/action_dispatch/middleware/request_id.rb:27:in `call'
rack (2.0.5) lib/rack/method_override.rb:22:in `call'
rack (2.0.5) lib/rack/runtime.rb:22:in `call'
activesupport (5.2.0) lib/active_support/cache/strategy/local_cache_middleware.rb:29:in `call'
actionpack (5.2.0) lib/action_dispatch/middleware/executor.rb:14:in `call'
actionpack (5.2.0) lib/action_dispatch/middleware/static.rb:127:in `call'
rack (2.0.5) lib/rack/sendfile.rb:111:in `call'
railties (5.2.0) lib/rails/engine.rb:524:in `call'
puma (3.11.4) lib/puma/configuration.rb:225:in `call'
puma (3.11.4) lib/puma/server.rb:632:in `handle_request'
puma (3.11.4) lib/puma/server.rb:446:in `process_client'
puma (3.11.4) lib/puma/server.rb:306:in `block in run'
puma (3.11.4) lib/puma/thread_pool.rb:120:in `block in spawn_thread'
Started GET "/api/v1/stats" for 127.0.0.1 at 2018-04-29 02:14:57 +0800

LoadError - Unable to autoload constant Api::V1::LinksController, expected /Users/yeoenggu/Projects/moneysmart/url_shortener/app/controllers/api/v1/links_controller.rb to define it:

Started GET "/api/v1/stats" for 127.0.0.1 at 2018-04-29 02:21:57 +0800
  [1m[35m (13.4ms)[0m  [1m[34mSELECT "schema_migrations"."version" FROM "schema_migrations" ORDER BY "schema_migrations"."version" ASC[0m
  ↳ /Users/yeoenggu/.rbenv/versions/2.4.2/lib/ruby/gems/2.4.0/gems/activerecord-5.2.0/lib/active_record/log_subscriber.rb:98
Processing by Api::V1::LinksController#get_stats as */*
Completed 500 Internal Server Error in 7ms (ActiveRecord: 0.0ms)



ArgumentError - wrong number of arguments (given 0, expected 1):
  app/controllers/api/v1/links_controller.rb:4:in `get_stats'

Started GET "/api/v1/stats?id=1" for 127.0.0.1 at 2018-04-29 02:26:41 +0800
Processing by Api::V1::LinksController#get_stats as */*
  Parameters: {"id"=>"1"}
Completed 500 Internal Server Error in 1ms (ActiveRecord: 0.0ms)



ArgumentError - wrong number of arguments (given 0, expected 1):
  app/controllers/api/v1/links_controller.rb:4:in `get_stats'

Started GET "/api/v1/stats?id=1" for 127.0.0.1 at 2018-04-29 02:31:19 +0800
  [1m[35m (12.8ms)[0m  [1m[34mSELECT "schema_migrations"."version" FROM "schema_migrations" ORDER BY "schema_migrations"."version" ASC[0m
  ↳ /Users/yeoenggu/.rbenv/versions/2.4.2/lib/ruby/gems/2.4.0/gems/activerecord-5.2.0/lib/active_record/log_subscriber.rb:98
Processing by Api::V1::LinksController#get_stats as */*
  Parameters: {"id"=>"1"}
  [1m[36mLink Load (58.4ms)[0m  [1m[34mSELECT  "links".* FROM "links" WHERE "links"."id" = $1 LIMIT $2[0m  [["id", 1], ["LIMIT", 1]]
  ↳ app/controllers/api/v1/links_controller.rb:6
Completed 200 OK in 379ms (Views: 0.4ms | ActiveRecord: 139.8ms)


Started GET "/api/v1/stats?id=1" for 127.0.0.1 at 2018-04-29 02:39:52 +0800
  [1m[35m (29.4ms)[0m  [1m[34mSELECT "schema_migrations"."version" FROM "schema_migrations" ORDER BY "schema_migrations"."version" ASC[0m
  ↳ /Users/yeoenggu/.rbenv/versions/2.4.2/lib/ruby/gems/2.4.0/gems/activerecord-5.2.0/lib/active_record/log_subscriber.rb:98
Processing by Api::V1::LinksController#get_stats as */*
  Parameters: {"id"=>"1"}
  [1m[36mLink Load (40.9ms)[0m  [1m[34mSELECT  "links".* FROM "links" WHERE "links"."id" = $1 LIMIT $2[0m  [["id", 1], ["LIMIT", 1]]
  ↳ app/controllers/api/v1/links_controller.rb:6
Completed 500 Internal Server Error in 299ms (ActiveRecord: 50.2ms)



NameError - undefined local variable or method `link' for #<Api::V1::LinksController:0x00007f9ba3bea208>
Did you mean?  @link:
  app/controllers/api/v1/links_controller.rb:7:in `get_stats'

Started GET "/api/v1/stats?id=1" for 127.0.0.1 at 2018-04-29 02:40:23 +0800
  [1m[35m (0.7ms)[0m  [1m[34mSELECT "schema_migrations"."version" FROM "schema_migrations" ORDER BY "schema_migrations"."version" ASC[0m
  ↳ /Users/yeoenggu/.rbenv/versions/2.4.2/lib/ruby/gems/2.4.0/gems/activerecord-5.2.0/lib/active_record/log_subscriber.rb:98
Processing by Api::V1::LinksController#get_stats as */*
  Parameters: {"id"=>"1"}
  [1m[36mLink Load (0.4ms)[0m  [1m[34mSELECT  "links".* FROM "links" WHERE "links"."id" = $1 LIMIT $2[0m  [["id", 1], ["LIMIT", 1]]
  ↳ app/controllers/api/v1/links_controller.rb:6
Completed 200 OK in 25ms (Views: 0.8ms | ActiveRecord: 4.5ms)


Started GET "/api/v1/stats?id=3" for 127.0.0.1 at 2018-04-29 03:00:22 +0800
Processing by Api::V1::LinksController#get_stats as */*
  Parameters: {"id"=>"3"}
  [1m[36mLink Load (0.9ms)[0m  [1m[34mSELECT  "links".* FROM "links" WHERE "links"."id" = $1 LIMIT $2[0m  [["id", 3], ["LIMIT", 1]]
  ↳ app/controllers/api/v1/links_controller.rb:6
Completed 500 Internal Server Error in 186ms (ActiveRecord: 0.9ms)



NameError - undefined local variable or method `not_found' for #<Api::V1::LinksController:0x00007ff8bfc70af0>:
  app/controllers/api/v1/links_controller.rb:10:in `get_stats'

Started GET "/api/v1/stats?id=3" for 127.0.0.1 at 2018-04-29 03:01:01 +0800
Processing by Api::V1::LinksController#get_stats as */*
  Parameters: {"id"=>"3"}
  [1m[36mLink Load (0.2ms)[0m  [1m[34mSELECT  "links".* FROM "links" WHERE "links"."id" = $1 LIMIT $2[0m  [["id", 3], ["LIMIT", 1]]
  ↳ app/controllers/api/v1/links_controller.rb:6
Completed 404 Not Found in 52ms (Views: 0.1ms | ActiveRecord: 3.7ms)


Started GET "/api/v1/stats?id=3" for 127.0.0.1 at 2018-04-29 03:02:31 +0800
  [1m[35m (0.7ms)[0m  [1m[34mSELECT "schema_migrations"."version" FROM "schema_migrations" ORDER BY "schema_migrations"."version" ASC[0m
  ↳ /Users/yeoenggu/.rbenv/versions/2.4.2/lib/ruby/gems/2.4.0/gems/activerecord-5.2.0/lib/active_record/log_subscriber.rb:98
Processing by Api::V1::LinksController#get_stats as */*
  Parameters: {"id"=>"3"}
  [1m[36mLink Load (0.4ms)[0m  [1m[34mSELECT  "links".* FROM "links" WHERE "links"."id" = $1 LIMIT $2[0m  [["id", 3], ["LIMIT", 1]]
  ↳ app/controllers/api/v1/links_controller.rb:6
Completed 404 Not Found in 18ms (Views: 0.2ms | ActiveRecord: 2.3ms)


